Standard Commons Logging discovery in action with spring-jcl: please remove commons-logging.jar from classpath in order to avoid potential conflicts

  .   ____          _            __ _ _
 /\\ / ___'_ __ _ _(_)_ __  __ _ \ \ \ \
( ( )\___ | '_ | '_| | '_ \/ _` | \ \ \ \
 \\/  ___)| |_)| | | | | || (_| |  ) ) ) )
  '  |____| .__|_| |_|_| |_\__, | / / / /
 =========|_|==============|___/=/_/_/_/
 :: Spring Boot ::                (v3.2.0)

2025-11-13T15:12:23.961-05:00  INFO 88678 --- [task-scheduler] [           main] c.j.t.TaskSchedulerApplication           : Starting TaskSchedulerApplication v0.0.1-SNAPSHOT using Java 17.0.8.1 with PID 88678 (/Users/justinli/Desktop/University/Projects/task-scheduler/task-scheduler-backend/target/task-scheduler-0.0.1-SNAPSHOT.jar started by justinli in /Users/justinli/Desktop/University/Projects/task-scheduler/task-scheduler-backend)
2025-11-13T15:12:23.963-05:00 DEBUG 88678 --- [task-scheduler] [           main] c.j.t.TaskSchedulerApplication           : Running with Spring Boot v3.2.0, Spring v6.1.1
2025-11-13T15:12:23.963-05:00  INFO 88678 --- [task-scheduler] [           main] c.j.t.TaskSchedulerApplication           : No active profile set, falling back to 1 default profile: "default"
2025-11-13T15:12:24.501-05:00  INFO 88678 --- [task-scheduler] [           main] .s.d.r.c.RepositoryConfigurationDelegate : Bootstrapping Spring Data JPA repositories in DEFAULT mode.
2025-11-13T15:12:24.530-05:00  INFO 88678 --- [task-scheduler] [           main] .s.d.r.c.RepositoryConfigurationDelegate : Finished Spring Data repository scanning in 25 ms. Found 3 JPA repository interfaces.
2025-11-13T15:12:24.834-05:00  INFO 88678 --- [task-scheduler] [           main] o.s.b.w.embedded.tomcat.TomcatWebServer  : Tomcat initialized with port 8080 (http)
2025-11-13T15:12:24.838-05:00  INFO 88678 --- [task-scheduler] [           main] o.apache.catalina.core.StandardService   : Starting service [Tomcat]
2025-11-13T15:12:24.839-05:00  INFO 88678 --- [task-scheduler] [           main] o.apache.catalina.core.StandardEngine    : Starting Servlet engine: [Apache Tomcat/10.1.16]
2025-11-13T15:12:24.856-05:00  INFO 88678 --- [task-scheduler] [           main] o.a.c.c.C.[Tomcat].[localhost].[/]       : Initializing Spring embedded WebApplicationContext
2025-11-13T15:12:24.857-05:00  INFO 88678 --- [task-scheduler] [           main] w.s.c.ServletWebServerApplicationContext : Root WebApplicationContext: initialization completed in 843 ms
Standard Commons Logging discovery in action with spring-jcl: please remove commons-logging.jar from classpath in order to avoid potential conflicts
2025-11-13T15:12:24.876-05:00  INFO 88678 --- [task-scheduler] [           main] com.zaxxer.hikari.HikariDataSource       : HikariPool-1 - Starting...
2025-11-13T15:12:24.989-05:00  INFO 88678 --- [task-scheduler] [           main] com.zaxxer.hikari.pool.HikariPool        : HikariPool-1 - Added connection conn0: url=jdbc:h2:mem:taskdb user=SA
2025-11-13T15:12:24.990-05:00  INFO 88678 --- [task-scheduler] [           main] com.zaxxer.hikari.HikariDataSource       : HikariPool-1 - Start completed.
2025-11-13T15:12:24.995-05:00  INFO 88678 --- [task-scheduler] [           main] o.s.b.a.h2.H2ConsoleAutoConfiguration    : H2 console available at '/h2-console'. Database available at 'jdbc:h2:mem:taskdb'
2025-11-13T15:12:25.053-05:00  INFO 88678 --- [task-scheduler] [           main] o.hibernate.jpa.internal.util.LogHelper  : HHH000204: Processing PersistenceUnitInfo [name: default]
2025-11-13T15:12:25.092-05:00  INFO 88678 --- [task-scheduler] [           main] org.hibernate.Version                    : HHH000412: Hibernate ORM core version 6.3.1.Final
2025-11-13T15:12:25.115-05:00  INFO 88678 --- [task-scheduler] [           main] o.h.c.internal.RegionFactoryInitiator    : HHH000026: Second-level cache disabled
2025-11-13T15:12:25.245-05:00  INFO 88678 --- [task-scheduler] [           main] o.s.o.j.p.SpringPersistenceUnitInfo      : No LoadTimeWeaver setup: ignoring JPA class transformer
2025-11-13T15:12:25.270-05:00  WARN 88678 --- [task-scheduler] [           main] org.hibernate.orm.deprecation            : HHH90000025: H2Dialect does not need to be specified explicitly using 'hibernate.dialect' (remove the property setting and it will be selected by default)
2025-11-13T15:12:25.755-05:00  INFO 88678 --- [task-scheduler] [           main] o.h.e.t.j.p.i.JtaPlatformInitiator       : HHH000489: No JTA platform available (set 'hibernate.transaction.jta.platform' to enable JTA platform integration)
Hibernate: 
    create table calendar_events (
        id bigint generated by default as identity,
        calendar_id varchar(255) not null,
        created_at timestamp(6),
        duration_hours float(53) not null,
        end_time timestamp(6) not null,
        google_event_id varchar(255) not null,
        session_number integer,
        start_time timestamp(6) not null,
        task_id bigint not null,
        primary key (id)
    )
Hibernate: 
    create table tasks (
        id bigint generated by default as identity,
        calendar_id varchar(255),
        created_at timestamp(6),
        description varchar(1000),
        due_date timestamp(6),
        duration float(53),
        max_session_hours float(53),
        name varchar(255) not null,
        priority varchar(255) check (priority in ('LOW','MEDIUM','HIGH')),
        scheduled_at timestamp(6),
        status varchar(255) not null check (status in ('PENDING','SCHEDULED','IN_PROGRESS','COMPLETED','FAILED')),
        updated_at timestamp(6),
        work_hours_end integer,
        work_hours_start integer,
        user_id bigint not null,
        primary key (id)
    )
Hibernate: 
    create table users (
        id bigint generated by default as identity,
        created_at timestamp(6),
        email varchar(255) not null,
        google_access_token varchar(1000),
        google_refresh_token varchar(1000),
        google_token_expiry timestamp(6),
        name varchar(255) not null,
        password varchar(255) not null,
        updated_at timestamp(6),
        primary key (id)
    )
Hibernate: 
    alter table if exists users 
       drop constraint if exists UK_6dotkott2kjsp8vw4d0m25fb7
Hibernate: 
    alter table if exists users 
       add constraint UK_6dotkott2kjsp8vw4d0m25fb7 unique (email)
Hibernate: 
    alter table if exists calendar_events 
       add constraint FKhq8ahb0txtwuxggftxx14rxud 
       foreign key (task_id) 
       references tasks
Hibernate: 
    alter table if exists tasks 
       add constraint FK6s1ob9k4ihi75xbxe2w0ylsdh 
       foreign key (user_id) 
       references users
2025-11-13T15:12:25.790-05:00  INFO 88678 --- [task-scheduler] [           main] j.LocalContainerEntityManagerFactoryBean : Initialized JPA EntityManagerFactory for persistence unit 'default'
2025-11-13T15:12:25.957-05:00  WARN 88678 --- [task-scheduler] [           main] o.s.aop.framework.CglibAopProxy          : Unable to proxy interface-implementing method [public final void org.springframework.web.filter.OncePerRequestFilter.doFilter(jakarta.servlet.ServletRequest,jakarta.servlet.ServletResponse,jakarta.servlet.FilterChain) throws jakarta.servlet.ServletException,java.io.IOException] because it is marked as final, consider using interface-based JDK proxies instead.
2025-11-13T15:12:25.957-05:00  WARN 88678 --- [task-scheduler] [           main] o.s.aop.framework.CglibAopProxy          : Unable to proxy interface-implementing method [public final void org.springframework.web.filter.GenericFilterBean.init(jakarta.servlet.FilterConfig) throws jakarta.servlet.ServletException] because it is marked as final, consider using interface-based JDK proxies instead.
2025-11-13T15:12:25.988-05:00 DEBUG 88678 --- [task-scheduler] [           main] c.j.t.security.JwtAuthenticationFilter   : Filter 'jwtAuthenticationFilter' configured for use
2025-11-13T15:12:26.209-05:00  WARN 88678 --- [task-scheduler] [           main] JpaBaseConfiguration$JpaWebConfiguration : spring.jpa.open-in-view is enabled by default. Therefore, database queries may be performed during view rendering. Explicitly configure spring.jpa.open-in-view to disable this warning
2025-11-13T15:12:26.381-05:00  INFO 88678 --- [task-scheduler] [           main] o.s.s.web.DefaultSecurityFilterChain     : Will secure any request with [org.springframework.security.web.session.DisableEncodeUrlFilter@6c2d124e, org.springframework.security.web.context.request.async.WebAsyncManagerIntegrationFilter@602e7a9e, org.springframework.security.web.context.SecurityContextHolderFilter@8929865, org.springframework.security.web.header.HeaderWriterFilter@98a0842, org.springframework.web.filter.CorsFilter@59f5a376, org.springframework.security.web.authentication.logout.LogoutFilter@2314f013, com.justinli.taskscheduler.security.JwtAuthenticationFilter@2e096ac0, org.springframework.security.web.savedrequest.RequestCacheAwareFilter@6d97a357, org.springframework.security.web.servletapi.SecurityContextHolderAwareRequestFilter@1e6cd1c, org.springframework.security.web.authentication.AnonymousAuthenticationFilter@1dfd3635, org.springframework.security.web.session.SessionManagementFilter@4b517357, org.springframework.security.web.access.ExceptionTranslationFilter@2c8f7d6a, org.springframework.security.web.access.intercept.AuthorizationFilter@589a82af]
2025-11-13T15:12:26.528-05:00  INFO 88678 --- [task-scheduler] [           main] o.s.b.w.embedded.tomcat.TomcatWebServer  : Tomcat started on port 8080 (http) with context path ''
2025-11-13T15:12:26.570-05:00  INFO 88678 --- [task-scheduler] [           main] c.j.t.TaskSchedulerApplication           : Started TaskSchedulerApplication in 2.793 seconds (process running for 3.128)
2025-11-13T15:12:45.182-05:00  INFO 88678 --- [task-scheduler] [nio-8080-exec-1] o.a.c.c.C.[Tomcat].[localhost].[/]       : Initializing Spring DispatcherServlet 'dispatcherServlet'
2025-11-13T15:12:45.182-05:00  INFO 88678 --- [task-scheduler] [nio-8080-exec-1] o.s.web.servlet.DispatcherServlet        : Initializing Servlet 'dispatcherServlet'
2025-11-13T15:12:45.183-05:00  INFO 88678 --- [task-scheduler] [nio-8080-exec-1] o.s.web.servlet.DispatcherServlet        : Completed initialization in 1 ms
2025-11-13T15:12:45.193-05:00 DEBUG 88678 --- [task-scheduler] [nio-8080-exec-3] o.s.security.web.FilterChainProxy        : Securing OPTIONS /api/tasks
2025-11-13T15:12:45.193-05:00 DEBUG 88678 --- [task-scheduler] [nio-8080-exec-1] o.s.security.web.FilterChainProxy        : Securing OPTIONS /api/tasks
2025-11-13T15:12:45.193-05:00 DEBUG 88678 --- [task-scheduler] [nio-8080-exec-4] o.s.security.web.FilterChainProxy        : Securing OPTIONS /api/calendars/status
2025-11-13T15:12:45.193-05:00 DEBUG 88678 --- [task-scheduler] [nio-8080-exec-2] o.s.security.web.FilterChainProxy        : Securing OPTIONS /api/calendars/status
2025-11-13T15:12:45.206-05:00 DEBUG 88678 --- [task-scheduler] [nio-8080-exec-6] o.s.security.web.FilterChainProxy        : Securing GET /api/calendars/status
2025-11-13T15:12:45.206-05:00 DEBUG 88678 --- [task-scheduler] [nio-8080-exec-7] o.s.security.web.FilterChainProxy        : Securing GET /api/tasks
2025-11-13T15:12:45.207-05:00 DEBUG 88678 --- [task-scheduler] [nio-8080-exec-5] o.s.security.web.FilterChainProxy        : Securing GET /api/calendars/status
2025-11-13T15:12:45.207-05:00 DEBUG 88678 --- [task-scheduler] [nio-8080-exec-8] o.s.security.web.FilterChainProxy        : Securing GET /api/tasks
2025-11-13T15:12:45.289-05:00 ERROR 88678 --- [task-scheduler] [nio-8080-exec-5] c.j.t.security.JwtAuthenticationFilter   : Error extracting username from JWT: JWT expired 502829288 milliseconds ago at 2025-11-08T00:32:16.000Z. Current time: 2025-11-13T20:12:45.288Z. Allowed clock skew: 0 milliseconds.
2025-11-13T15:12:45.289-05:00 ERROR 88678 --- [task-scheduler] [nio-8080-exec-8] c.j.t.security.JwtAuthenticationFilter   : Error extracting username from JWT: JWT expired 502829288 milliseconds ago at 2025-11-08T00:32:16.000Z. Current time: 2025-11-13T20:12:45.288Z. Allowed clock skew: 0 milliseconds.
2025-11-13T15:12:45.289-05:00 ERROR 88678 --- [task-scheduler] [nio-8080-exec-7] c.j.t.security.JwtAuthenticationFilter   : Error extracting username from JWT: JWT expired 502829288 milliseconds ago at 2025-11-08T00:32:16.000Z. Current time: 2025-11-13T20:12:45.288Z. Allowed clock skew: 0 milliseconds.
2025-11-13T15:12:45.289-05:00 ERROR 88678 --- [task-scheduler] [nio-8080-exec-6] c.j.t.security.JwtAuthenticationFilter   : Error extracting username from JWT: JWT expired 502829288 milliseconds ago at 2025-11-08T00:32:16.000Z. Current time: 2025-11-13T20:12:45.288Z. Allowed clock skew: 0 milliseconds.
2025-11-13T15:12:45.291-05:00 DEBUG 88678 --- [task-scheduler] [nio-8080-exec-6] o.s.s.w.a.AnonymousAuthenticationFilter  : Set SecurityContextHolder to anonymous SecurityContext
2025-11-13T15:12:45.291-05:00 DEBUG 88678 --- [task-scheduler] [nio-8080-exec-8] o.s.s.w.a.AnonymousAuthenticationFilter  : Set SecurityContextHolder to anonymous SecurityContext
2025-11-13T15:12:45.291-05:00 DEBUG 88678 --- [task-scheduler] [nio-8080-exec-7] o.s.s.w.a.AnonymousAuthenticationFilter  : Set SecurityContextHolder to anonymous SecurityContext
2025-11-13T15:12:45.291-05:00 DEBUG 88678 --- [task-scheduler] [nio-8080-exec-5] o.s.s.w.a.AnonymousAuthenticationFilter  : Set SecurityContextHolder to anonymous SecurityContext
2025-11-13T15:12:45.292-05:00  WARN 88678 --- [task-scheduler] [nio-8080-exec-8] o.s.w.s.h.HandlerMappingIntrospector     : Cache miss for REQUEST dispatch to '/api/tasks' (previous null). Performing MatchableHandlerMapping lookup. This is logged once only at WARN level, and every time at TRACE.
2025-11-13T15:12:45.298-05:00 DEBUG 88678 --- [task-scheduler] [nio-8080-exec-8] o.s.security.web.FilterChainProxy        : Secured GET /api/tasks
2025-11-13T15:12:45.298-05:00 DEBUG 88678 --- [task-scheduler] [nio-8080-exec-5] o.s.security.web.FilterChainProxy        : Secured GET /api/calendars/status
2025-11-13T15:12:45.298-05:00 DEBUG 88678 --- [task-scheduler] [nio-8080-exec-7] o.s.security.web.FilterChainProxy        : Secured GET /api/tasks
2025-11-13T15:12:45.298-05:00 DEBUG 88678 --- [task-scheduler] [nio-8080-exec-6] o.s.security.web.FilterChainProxy        : Secured GET /api/calendars/status
Hibernate: 
    select
        u1_0.id,
        u1_0.created_at,
        u1_0.email,
        u1_0.google_access_token,
        u1_0.google_refresh_token,
        u1_0.google_token_expiry,
        u1_0.name,
        u1_0.password,
        u1_0.updated_at 
    from
        users u1_0 
    where
        u1_0.email=?
Hibernate: 
    select
        u1_0.id,
        u1_0.created_at,
        u1_0.email,
        u1_0.google_access_token,
        u1_0.google_refresh_token,
        u1_0.google_token_expiry,
        u1_0.name,
        u1_0.password,
        u1_0.updated_at 
    from
        users u1_0 
    where
        u1_0.email=?
Hibernate: 
    insert 
    into
        users
        (created_at, email, google_access_token, google_refresh_token, google_token_expiry, name, password, updated_at, id) 
    values
        (?, ?, ?, ?, ?, ?, ?, ?, default)
Hibernate: 
    insert 
    into
        users
        (created_at, email, google_access_token, google_refresh_token, google_token_expiry, name, password, updated_at, id) 
    values
        (?, ?, ?, ?, ?, ?, ?, ?, default)
Hibernate: 
    select
        t1_0.id,
        t1_0.calendar_id,
        t1_0.created_at,
        t1_0.description,
        t1_0.due_date,
        t1_0.duration,
        t1_0.max_session_hours,
        t1_0.name,
        t1_0.priority,
        t1_0.scheduled_at,
        t1_0.status,
        t1_0.updated_at,
        t1_0.user_id,
        t1_0.work_hours_end,
        t1_0.work_hours_start 
    from
        tasks t1_0 
    where
        t1_0.user_id=?
2025-11-13T15:12:45.490-05:00  WARN 88678 --- [task-scheduler] [nio-8080-exec-7] o.h.engine.jdbc.spi.SqlExceptionHelper   : SQL Error: 23505, SQLState: 23505
2025-11-13T15:12:45.490-05:00 ERROR 88678 --- [task-scheduler] [nio-8080-exec-7] o.h.engine.jdbc.spi.SqlExceptionHelper   : Unique index or primary key violation: "PUBLIC.UK_6DOTKOTT2KJSP8VW4D0M25FB7_INDEX_4 ON PUBLIC.USERS(EMAIL NULLS FIRST) VALUES ( /* 2 */ 'default@test.com' )"; SQL statement:
insert into users (created_at,email,google_access_token,google_refresh_token,google_token_expiry,name,password,updated_at,id) values (?,?,?,?,?,?,?,?,default) [23505-224]
2025-11-13T15:12:49.203-05:00 DEBUG 88678 --- [task-scheduler] [nio-8080-exec-3] o.s.security.web.FilterChainProxy        : Securing OPTIONS /api/calendars/status
2025-11-13T15:12:49.212-05:00 DEBUG 88678 --- [task-scheduler] [nio-8080-exec-2] o.s.security.web.FilterChainProxy        : Securing GET /api/calendars/status
2025-11-13T15:12:49.218-05:00 ERROR 88678 --- [task-scheduler] [nio-8080-exec-2] c.j.t.security.JwtAuthenticationFilter   : Error extracting username from JWT: JWT expired 502833218 milliseconds ago at 2025-11-08T00:32:16.000Z. Current time: 2025-11-13T20:12:49.218Z. Allowed clock skew: 0 milliseconds.
2025-11-13T15:12:49.219-05:00 DEBUG 88678 --- [task-scheduler] [nio-8080-exec-2] o.s.s.w.a.AnonymousAuthenticationFilter  : Set SecurityContextHolder to anonymous SecurityContext
2025-11-13T15:12:49.219-05:00 DEBUG 88678 --- [task-scheduler] [nio-8080-exec-2] o.s.security.web.FilterChainProxy        : Secured GET /api/calendars/status
2025-11-13T15:12:49.226-05:00 DEBUG 88678 --- [task-scheduler] [nio-8080-exec-1] o.s.security.web.FilterChainProxy        : Securing OPTIONS /api/calendars/list
2025-11-13T15:12:49.230-05:00 DEBUG 88678 --- [task-scheduler] [nio-8080-exec-6] o.s.security.web.FilterChainProxy        : Securing GET /api/calendars/list
2025-11-13T15:12:49.233-05:00 ERROR 88678 --- [task-scheduler] [nio-8080-exec-6] c.j.t.security.JwtAuthenticationFilter   : Error extracting username from JWT: JWT expired 502833233 milliseconds ago at 2025-11-08T00:32:16.000Z. Current time: 2025-11-13T20:12:49.233Z. Allowed clock skew: 0 milliseconds.
2025-11-13T15:12:49.234-05:00 DEBUG 88678 --- [task-scheduler] [nio-8080-exec-6] o.s.s.w.a.AnonymousAuthenticationFilter  : Set SecurityContextHolder to anonymous SecurityContext
2025-11-13T15:12:49.234-05:00 DEBUG 88678 --- [task-scheduler] [nio-8080-exec-6] o.s.security.web.FilterChainProxy        : Secured GET /api/calendars/list
2025-11-13T15:12:57.804-05:00 DEBUG 88678 --- [task-scheduler] [nio-8080-exec-8] o.s.security.web.FilterChainProxy        : Securing OPTIONS /api/tasks
2025-11-13T15:12:57.809-05:00 DEBUG 88678 --- [task-scheduler] [nio-8080-exec-7] o.s.security.web.FilterChainProxy        : Securing POST /api/tasks
2025-11-13T15:12:57.812-05:00 ERROR 88678 --- [task-scheduler] [nio-8080-exec-7] c.j.t.security.JwtAuthenticationFilter   : Error extracting username from JWT: JWT expired 502841812 milliseconds ago at 2025-11-08T00:32:16.000Z. Current time: 2025-11-13T20:12:57.812Z. Allowed clock skew: 0 milliseconds.
2025-11-13T15:12:57.812-05:00 DEBUG 88678 --- [task-scheduler] [nio-8080-exec-7] o.s.s.w.a.AnonymousAuthenticationFilter  : Set SecurityContextHolder to anonymous SecurityContext
2025-11-13T15:12:57.813-05:00 DEBUG 88678 --- [task-scheduler] [nio-8080-exec-7] o.s.security.web.FilterChainProxy        : Secured POST /api/tasks
Hibernate: 
    select
        u1_0.id,
        u1_0.created_at,
        u1_0.email,
        u1_0.google_access_token,
        u1_0.google_refresh_token,
        u1_0.google_token_expiry,
        u1_0.name,
        u1_0.password,
        u1_0.updated_at 
    from
        users u1_0 
    where
        u1_0.email=?
Hibernate: 
    insert 
    into
        tasks
        (calendar_id, created_at, description, due_date, duration, max_session_hours, name, priority, scheduled_at, status, updated_at, user_id, work_hours_end, work_hours_start, id) 
    values
        (?, ?, ?, ?, ?, ?, ?, ?, ?, ?, ?, ?, ?, ?, default)
Hibernate: 
    select
        t1_0.user_id,
        t1_0.id,
        t1_0.calendar_id,
        t1_0.created_at,
        t1_0.description,
        t1_0.due_date,
        t1_0.duration,
        t1_0.max_session_hours,
        t1_0.name,
        t1_0.priority,
        t1_0.scheduled_at,
        t1_0.status,
        t1_0.updated_at,
        t1_0.work_hours_end,
        t1_0.work_hours_start 
    from
        tasks t1_0 
    where
        t1_0.user_id=?
2025-11-13T15:12:57.937-05:00 DEBUG 88678 --- [task-scheduler] [nio-8080-exec-4] o.s.security.web.FilterChainProxy        : Securing OPTIONS /api/calendars/schedule-task
2025-11-13T15:12:57.939-05:00 DEBUG 88678 --- [task-scheduler] [io-8080-exec-10] o.s.security.web.FilterChainProxy        : Securing POST /api/calendars/schedule-task
2025-11-13T15:12:57.940-05:00 ERROR 88678 --- [task-scheduler] [io-8080-exec-10] c.j.t.security.JwtAuthenticationFilter   : Error extracting username from JWT: JWT expired 502841940 milliseconds ago at 2025-11-08T00:32:16.000Z. Current time: 2025-11-13T20:12:57.940Z. Allowed clock skew: 0 milliseconds.
2025-11-13T15:12:57.940-05:00 DEBUG 88678 --- [task-scheduler] [io-8080-exec-10] o.s.s.w.a.AnonymousAuthenticationFilter  : Set SecurityContextHolder to anonymous SecurityContext
2025-11-13T15:12:57.940-05:00 DEBUG 88678 --- [task-scheduler] [io-8080-exec-10] o.s.security.web.FilterChainProxy        : Secured POST /api/calendars/schedule-task
Checking specific calendars for conflicts: [076abe8c0b7afc2810423d5f8dfe2aae376d78aa4de1c2d8663ab7d275816e27@group.calendar.google.com, ec977837b4839bf4e3694f78effc2caa8d2bfe8b7c683a87f0b26502ddca5ee6@group.calendar.google.com]
Fetching events from 2 calendar(s) for conflict detection
  Found 7 events in calendar: 076abe8c0b7afc2810423d5f8dfe2aae376d78aa4de1c2d8663ab7d275816e27@group.calendar.google.com
  Found 29 events in calendar: ec977837b4839bf4e3694f78effc2caa8d2bfe8b7c683a87f0b26502ddca5ee6@group.calendar.google.com
Total events found: 36 (excluding all-day events)
=== Task Scheduling Debug ===
Total task duration: 0.75 hours (45 minutes)
Max session: 1.0 hours
Work hours: 11:00 - 0:00
Search range: 2025-11-13T15:12:57.935-05:00[America/New_York] to 2025-11-27T15:12:57.935-05:00[America/New_York]
Found 25 free slots:
  Slot 1: 2025-11-13T17:45-05:00 to 2025-11-13T18:30-05:00 (45 minutes)
  Slot 2: 2025-11-13T19:30-05:00 to 2025-11-13T23:59:59.935-05:00[America/New_York] (269 minutes)
  Slot 3: 2025-11-14T13:10-05:00 to 2025-11-14T23:59:59.935-05:00[America/New_York] (649 minutes)
  Slot 4: 2025-11-15T11:00:00.935-05:00[America/New_York] to 2025-11-15T23:59:59.935-05:00[America/New_York] (779 minutes)
  Slot 5: 2025-11-16T11:00:00.935-05:00[America/New_York] to 2025-11-16T23:59:59.935-05:00[America/New_York] (779 minutes)
  Slot 6: 2025-11-17T12:05-05:00 to 2025-11-17T13:25-05:00 (80 minutes)
  Slot 7: 2025-11-17T14:15-05:00 to 2025-11-17T16:40-05:00 (145 minutes)
  Slot 8: 2025-11-17T17:30-05:00 to 2025-11-17T23:59:59.935-05:00[America/New_York] (389 minutes)
  Slot 9: 2025-11-18T16:45-05:00 to 2025-11-18T18:00-05:00 (75 minutes)
  Slot 10: 2025-11-18T19:00-05:00 to 2025-11-18T23:59:59.935-05:00[America/New_York] (299 minutes)
  Slot 11: 2025-11-19T13:10-05:00 to 2025-11-19T15:00-05:00 (110 minutes)
  Slot 12: 2025-11-19T16:00-05:00 to 2025-11-19T16:30-05:00 (30 minutes)
  Slot 13: 2025-11-19T17:30-05:00 to 2025-11-19T23:59:59.935-05:00[America/New_York] (389 minutes)
  Slot 14: 2025-11-20T11:00:00.935-05:00[America/New_York] to 2025-11-20T12:30-05:00 (89 minutes)
  Slot 15: 2025-11-20T16:45-05:00 to 2025-11-20T18:30-05:00 (105 minutes)
  Slot 16: 2025-11-20T19:30-05:00 to 2025-11-20T23:59:59.935-05:00[America/New_York] (269 minutes)
  Slot 17: 2025-11-21T13:10-05:00 to 2025-11-21T23:59:59.935-05:00[America/New_York] (649 minutes)
  Slot 18: 2025-11-22T11:00:00.935-05:00[America/New_York] to 2025-11-22T23:59:59.935-05:00[America/New_York] (779 minutes)
  Slot 19: 2025-11-23T11:00:00.935-05:00[America/New_York] to 2025-11-23T23:59:59.935-05:00[America/New_York] (779 minutes)
  Slot 20: 2025-11-24T12:05-05:00 to 2025-11-24T13:25-05:00 (80 minutes)
  Slot 21: 2025-11-24T14:15-05:00 to 2025-11-24T16:40-05:00 (145 minutes)
  Slot 22: 2025-11-24T17:30-05:00 to 2025-11-24T23:59:59.935-05:00[America/New_York] (389 minutes)
  Slot 23: 2025-11-25T16:45-05:00 to 2025-11-25T23:59:59.935-05:00[America/New_York] (434 minutes)
  Slot 24: 2025-11-26T11:00:00.935-05:00[America/New_York] to 2025-11-26T15:00-05:00 (239 minutes)
  Slot 25: 2025-11-26T16:00-05:00 to 2025-11-26T23:59:59.935-05:00[America/New_York] (479 minutes)
  Using slot: 2025-11-13T17:45-05:00 to 2025-11-13T18:30-05:00 (scheduling 45 minute session)
2025-11-13T15:13:07.978-05:00 DEBUG 88678 --- [task-scheduler] [nio-8080-exec-3] o.s.security.web.FilterChainProxy        : Securing OPTIONS /api/calendars/status
2025-11-13T15:13:07.983-05:00 DEBUG 88678 --- [task-scheduler] [nio-8080-exec-2] o.s.security.web.FilterChainProxy        : Securing GET /api/calendars/status
2025-11-13T15:13:07.986-05:00 ERROR 88678 --- [task-scheduler] [nio-8080-exec-2] c.j.t.security.JwtAuthenticationFilter   : Error extracting username from JWT: JWT expired 502851986 milliseconds ago at 2025-11-08T00:32:16.000Z. Current time: 2025-11-13T20:13:07.986Z. Allowed clock skew: 0 milliseconds.
2025-11-13T15:13:07.986-05:00 DEBUG 88678 --- [task-scheduler] [nio-8080-exec-2] o.s.s.w.a.AnonymousAuthenticationFilter  : Set SecurityContextHolder to anonymous SecurityContext
2025-11-13T15:13:07.987-05:00 DEBUG 88678 --- [task-scheduler] [nio-8080-exec-2] o.s.security.web.FilterChainProxy        : Secured GET /api/calendars/status
2025-11-13T15:13:07.995-05:00 DEBUG 88678 --- [task-scheduler] [nio-8080-exec-1] o.s.security.web.FilterChainProxy        : Securing OPTIONS /api/calendars/list
2025-11-13T15:13:07.998-05:00 DEBUG 88678 --- [task-scheduler] [nio-8080-exec-6] o.s.security.web.FilterChainProxy        : Securing GET /api/calendars/list
2025-11-13T15:13:08.002-05:00 ERROR 88678 --- [task-scheduler] [nio-8080-exec-6] c.j.t.security.JwtAuthenticationFilter   : Error extracting username from JWT: JWT expired 502852001 milliseconds ago at 2025-11-08T00:32:16.000Z. Current time: 2025-11-13T20:13:08.001Z. Allowed clock skew: 0 milliseconds.
2025-11-13T15:13:08.004-05:00 DEBUG 88678 --- [task-scheduler] [nio-8080-exec-6] o.s.s.w.a.AnonymousAuthenticationFilter  : Set SecurityContextHolder to anonymous SecurityContext
2025-11-13T15:13:08.005-05:00 DEBUG 88678 --- [task-scheduler] [nio-8080-exec-6] o.s.security.web.FilterChainProxy        : Secured GET /api/calendars/list
2025-11-13T15:13:22.950-05:00 DEBUG 88678 --- [task-scheduler] [nio-8080-exec-8] o.s.security.web.FilterChainProxy        : Securing OPTIONS /api/tasks
2025-11-13T15:13:22.954-05:00 DEBUG 88678 --- [task-scheduler] [nio-8080-exec-7] o.s.security.web.FilterChainProxy        : Securing POST /api/tasks
2025-11-13T15:13:22.956-05:00 ERROR 88678 --- [task-scheduler] [nio-8080-exec-7] c.j.t.security.JwtAuthenticationFilter   : Error extracting username from JWT: JWT expired 502866956 milliseconds ago at 2025-11-08T00:32:16.000Z. Current time: 2025-11-13T20:13:22.956Z. Allowed clock skew: 0 milliseconds.
2025-11-13T15:13:22.957-05:00 DEBUG 88678 --- [task-scheduler] [nio-8080-exec-7] o.s.s.w.a.AnonymousAuthenticationFilter  : Set SecurityContextHolder to anonymous SecurityContext
2025-11-13T15:13:22.957-05:00 DEBUG 88678 --- [task-scheduler] [nio-8080-exec-7] o.s.security.web.FilterChainProxy        : Secured POST /api/tasks
Hibernate: 
    select
        u1_0.id,
        u1_0.created_at,
        u1_0.email,
        u1_0.google_access_token,
        u1_0.google_refresh_token,
        u1_0.google_token_expiry,
        u1_0.name,
        u1_0.password,
        u1_0.updated_at 
    from
        users u1_0 
    where
        u1_0.email=?
Hibernate: 
    insert 
    into
        tasks
        (calendar_id, created_at, description, due_date, duration, max_session_hours, name, priority, scheduled_at, status, updated_at, user_id, work_hours_end, work_hours_start, id) 
    values
        (?, ?, ?, ?, ?, ?, ?, ?, ?, ?, ?, ?, ?, ?, default)
Hibernate: 
    select
        t1_0.user_id,
        t1_0.id,
        t1_0.calendar_id,
        t1_0.created_at,
        t1_0.description,
        t1_0.due_date,
        t1_0.duration,
        t1_0.max_session_hours,
        t1_0.name,
        t1_0.priority,
        t1_0.scheduled_at,
        t1_0.status,
        t1_0.updated_at,
        t1_0.work_hours_end,
        t1_0.work_hours_start 
    from
        tasks t1_0 
    where
        t1_0.user_id=?
2025-11-13T15:13:23.020-05:00 DEBUG 88678 --- [task-scheduler] [nio-8080-exec-4] o.s.security.web.FilterChainProxy        : Securing OPTIONS /api/calendars/schedule-task
2025-11-13T15:13:23.021-05:00 DEBUG 88678 --- [task-scheduler] [io-8080-exec-10] o.s.security.web.FilterChainProxy        : Securing POST /api/calendars/schedule-task
2025-11-13T15:13:23.023-05:00 ERROR 88678 --- [task-scheduler] [io-8080-exec-10] c.j.t.security.JwtAuthenticationFilter   : Error extracting username from JWT: JWT expired 502867022 milliseconds ago at 2025-11-08T00:32:16.000Z. Current time: 2025-11-13T20:13:23.022Z. Allowed clock skew: 0 milliseconds.
2025-11-13T15:13:23.023-05:00 DEBUG 88678 --- [task-scheduler] [io-8080-exec-10] o.s.s.w.a.AnonymousAuthenticationFilter  : Set SecurityContextHolder to anonymous SecurityContext
2025-11-13T15:13:23.023-05:00 DEBUG 88678 --- [task-scheduler] [io-8080-exec-10] o.s.security.web.FilterChainProxy        : Secured POST /api/calendars/schedule-task
Checking specific calendars for conflicts: [076abe8c0b7afc2810423d5f8dfe2aae376d78aa4de1c2d8663ab7d275816e27@group.calendar.google.com, ec977837b4839bf4e3694f78effc2caa8d2bfe8b7c683a87f0b26502ddca5ee6@group.calendar.google.com]
Fetching events from 2 calendar(s) for conflict detection
  Found 6 events in calendar: 076abe8c0b7afc2810423d5f8dfe2aae376d78aa4de1c2d8663ab7d275816e27@group.calendar.google.com
  Found 29 events in calendar: ec977837b4839bf4e3694f78effc2caa8d2bfe8b7c683a87f0b26502ddca5ee6@group.calendar.google.com
Total events found: 35 (excluding all-day events)
=== Task Scheduling Debug ===
Total task duration: 1.3333333333333333 hours (80 minutes)
Max session: 1.0 hours
Work hours: 11:00 - 0:00
Search range: 2025-11-13T15:13:23.017-05:00[America/New_York] to 2025-11-27T15:13:23.017-05:00[America/New_York]
Found 25 free slots:
  Slot 1: 2025-11-13T16:45-05:00 to 2025-11-13T18:30-05:00 (105 minutes)
  Slot 2: 2025-11-13T19:30-05:00 to 2025-11-13T23:59:59.017-05:00[America/New_York] (269 minutes)
  Slot 3: 2025-11-14T13:10-05:00 to 2025-11-14T23:59:59.017-05:00[America/New_York] (649 minutes)
  Slot 4: 2025-11-15T11:00:00.017-05:00[America/New_York] to 2025-11-15T23:59:59.017-05:00[America/New_York] (779 minutes)
  Slot 5: 2025-11-16T11:00:00.017-05:00[America/New_York] to 2025-11-16T23:59:59.017-05:00[America/New_York] (779 minutes)
  Slot 6: 2025-11-17T12:05-05:00 to 2025-11-17T13:25-05:00 (80 minutes)
  Slot 7: 2025-11-17T14:15-05:00 to 2025-11-17T16:40-05:00 (145 minutes)
  Slot 8: 2025-11-17T17:30-05:00 to 2025-11-17T23:59:59.017-05:00[America/New_York] (389 minutes)
  Slot 9: 2025-11-18T16:45-05:00 to 2025-11-18T18:00-05:00 (75 minutes)
  Slot 10: 2025-11-18T19:00-05:00 to 2025-11-18T23:59:59.017-05:00[America/New_York] (299 minutes)
  Slot 11: 2025-11-19T13:10-05:00 to 2025-11-19T15:00-05:00 (110 minutes)
  Slot 12: 2025-11-19T16:00-05:00 to 2025-11-19T16:30-05:00 (30 minutes)
  Slot 13: 2025-11-19T17:30-05:00 to 2025-11-19T23:59:59.017-05:00[America/New_York] (389 minutes)
  Slot 14: 2025-11-20T11:00:00.017-05:00[America/New_York] to 2025-11-20T12:30-05:00 (89 minutes)
  Slot 15: 2025-11-20T16:45-05:00 to 2025-11-20T18:30-05:00 (105 minutes)
  Slot 16: 2025-11-20T19:30-05:00 to 2025-11-20T23:59:59.017-05:00[America/New_York] (269 minutes)
  Slot 17: 2025-11-21T13:10-05:00 to 2025-11-21T23:59:59.017-05:00[America/New_York] (649 minutes)
  Slot 18: 2025-11-22T11:00:00.017-05:00[America/New_York] to 2025-11-22T23:59:59.017-05:00[America/New_York] (779 minutes)
  Slot 19: 2025-11-23T11:00:00.017-05:00[America/New_York] to 2025-11-23T23:59:59.017-05:00[America/New_York] (779 minutes)
  Slot 20: 2025-11-24T12:05-05:00 to 2025-11-24T13:25-05:00 (80 minutes)
  Slot 21: 2025-11-24T14:15-05:00 to 2025-11-24T16:40-05:00 (145 minutes)
  Slot 22: 2025-11-24T17:30-05:00 to 2025-11-24T23:59:59.017-05:00[America/New_York] (389 minutes)
  Slot 23: 2025-11-25T16:45-05:00 to 2025-11-25T23:59:59.017-05:00[America/New_York] (434 minutes)
  Slot 24: 2025-11-26T11:00:00.017-05:00[America/New_York] to 2025-11-26T15:00-05:00 (239 minutes)
  Slot 25: 2025-11-26T16:00-05:00 to 2025-11-26T23:59:59.017-05:00[America/New_York] (479 minutes)
  Using slot: 2025-11-13T16:45-05:00 to 2025-11-13T18:30-05:00 (scheduling 60 minute session)
  Using slot: 2025-11-13T19:30-05:00 to 2025-11-13T23:59:59.017-05:00[America/New_York] (scheduling 20 minute session)
2025-11-13T15:13:34.520-05:00 DEBUG 88678 --- [task-scheduler] [nio-8080-exec-3] o.s.security.web.FilterChainProxy        : Securing OPTIONS /api/calendars/status
2025-11-13T15:13:34.520-05:00 DEBUG 88678 --- [task-scheduler] [nio-8080-exec-2] o.s.security.web.FilterChainProxy        : Securing OPTIONS /api/calendars/status
2025-11-13T15:13:34.530-05:00 DEBUG 88678 --- [task-scheduler] [nio-8080-exec-1] o.s.security.web.FilterChainProxy        : Securing GET /api/calendars/status
2025-11-13T15:13:34.530-05:00 DEBUG 88678 --- [task-scheduler] [nio-8080-exec-6] o.s.security.web.FilterChainProxy        : Securing GET /api/calendars/status
2025-11-13T15:13:34.534-05:00 ERROR 88678 --- [task-scheduler] [nio-8080-exec-6] c.j.t.security.JwtAuthenticationFilter   : Error extracting username from JWT: JWT expired 502878534 milliseconds ago at 2025-11-08T00:32:16.000Z. Current time: 2025-11-13T20:13:34.534Z. Allowed clock skew: 0 milliseconds.
2025-11-13T15:13:34.535-05:00 DEBUG 88678 --- [task-scheduler] [nio-8080-exec-6] o.s.s.w.a.AnonymousAuthenticationFilter  : Set SecurityContextHolder to anonymous SecurityContext
2025-11-13T15:13:34.536-05:00 ERROR 88678 --- [task-scheduler] [nio-8080-exec-1] c.j.t.security.JwtAuthenticationFilter   : Error extracting username from JWT: JWT expired 502878536 milliseconds ago at 2025-11-08T00:32:16.000Z. Current time: 2025-11-13T20:13:34.536Z. Allowed clock skew: 0 milliseconds.
2025-11-13T15:13:34.536-05:00 DEBUG 88678 --- [task-scheduler] [nio-8080-exec-6] o.s.security.web.FilterChainProxy        : Secured GET /api/calendars/status
2025-11-13T15:13:34.536-05:00 DEBUG 88678 --- [task-scheduler] [nio-8080-exec-1] o.s.s.w.a.AnonymousAuthenticationFilter  : Set SecurityContextHolder to anonymous SecurityContext
2025-11-13T15:13:34.537-05:00 DEBUG 88678 --- [task-scheduler] [nio-8080-exec-1] o.s.security.web.FilterChainProxy        : Secured GET /api/calendars/status
2025-11-13T15:13:34.547-05:00 DEBUG 88678 --- [task-scheduler] [nio-8080-exec-5] o.s.security.web.FilterChainProxy        : Securing OPTIONS /api/calendars/list
2025-11-13T15:13:34.547-05:00 DEBUG 88678 --- [task-scheduler] [nio-8080-exec-8] o.s.security.web.FilterChainProxy        : Securing OPTIONS /api/calendars/list
2025-11-13T15:13:34.567-05:00 DEBUG 88678 --- [task-scheduler] [nio-8080-exec-7] o.s.security.web.FilterChainProxy        : Securing GET /api/calendars/list
2025-11-13T15:13:34.567-05:00 DEBUG 88678 --- [task-scheduler] [nio-8080-exec-4] o.s.security.web.FilterChainProxy        : Securing GET /api/calendars/list
2025-11-13T15:13:34.568-05:00 ERROR 88678 --- [task-scheduler] [nio-8080-exec-7] c.j.t.security.JwtAuthenticationFilter   : Error extracting username from JWT: JWT expired 502878568 milliseconds ago at 2025-11-08T00:32:16.000Z. Current time: 2025-11-13T20:13:34.568Z. Allowed clock skew: 0 milliseconds.
2025-11-13T15:13:34.568-05:00 DEBUG 88678 --- [task-scheduler] [nio-8080-exec-7] o.s.s.w.a.AnonymousAuthenticationFilter  : Set SecurityContextHolder to anonymous SecurityContext
2025-11-13T15:13:34.568-05:00 DEBUG 88678 --- [task-scheduler] [nio-8080-exec-7] o.s.security.web.FilterChainProxy        : Secured GET /api/calendars/list
2025-11-13T15:13:34.570-05:00 ERROR 88678 --- [task-scheduler] [nio-8080-exec-4] c.j.t.security.JwtAuthenticationFilter   : Error extracting username from JWT: JWT expired 502878570 milliseconds ago at 2025-11-08T00:32:16.000Z. Current time: 2025-11-13T20:13:34.570Z. Allowed clock skew: 0 milliseconds.
2025-11-13T15:13:34.570-05:00 DEBUG 88678 --- [task-scheduler] [nio-8080-exec-4] o.s.s.w.a.AnonymousAuthenticationFilter  : Set SecurityContextHolder to anonymous SecurityContext
2025-11-13T15:13:34.571-05:00 DEBUG 88678 --- [task-scheduler] [nio-8080-exec-4] o.s.security.web.FilterChainProxy        : Secured GET /api/calendars/list
2025-11-13T15:16:23.448-05:00  WARN 88678 --- [task-scheduler] [l-1 housekeeper] com.zaxxer.hikari.pool.HikariPool        : HikariPool-1 - Thread starvation or clock leap detected (housekeeper delta=1m58s335ms).
2025-11-13T15:17:44.213-05:00  WARN 88678 --- [task-scheduler] [l-1 housekeeper] com.zaxxer.hikari.pool.HikariPool        : HikariPool-1 - Thread starvation or clock leap detected (housekeeper delta=1m20s767ms).
2025-11-13T15:19:49.739-05:00  WARN 88678 --- [task-scheduler] [l-1 housekeeper] com.zaxxer.hikari.pool.HikariPool        : HikariPool-1 - Thread starvation or clock leap detected (housekeeper delta=2m5s526ms).
2025-11-13T15:22:07.123-05:00  WARN 88678 --- [task-scheduler] [l-1 housekeeper] com.zaxxer.hikari.pool.HikariPool        : HikariPool-1 - Thread starvation or clock leap detected (housekeeper delta=2m17s384ms).
2025-11-13T15:27:07.236-05:00  WARN 88678 --- [task-scheduler] [l-1 housekeeper] com.zaxxer.hikari.pool.HikariPool        : HikariPool-1 - Thread starvation or clock leap detected (housekeeper delta=5m113ms).
2025-11-13T15:30:45.788-05:00  WARN 88678 --- [task-scheduler] [l-1 housekeeper] com.zaxxer.hikari.pool.HikariPool        : HikariPool-1 - Thread starvation or clock leap detected (housekeeper delta=3m38s552ms).
2025-11-13T16:41:03.982-05:00  WARN 88678 --- [task-scheduler] [l-1 housekeeper] com.zaxxer.hikari.pool.HikariPool        : HikariPool-1 - Thread starvation or clock leap detected (housekeeper delta=4m47s728ms).
2025-11-13T16:43:17.496-05:00  WARN 88678 --- [task-scheduler] [l-1 housekeeper] com.zaxxer.hikari.pool.HikariPool        : HikariPool-1 - Thread starvation or clock leap detected (housekeeper delta=2m13s514ms).
2025-11-13T16:50:46.854-05:00  WARN 88678 --- [task-scheduler] [l-1 housekeeper] com.zaxxer.hikari.pool.HikariPool        : HikariPool-1 - Thread starvation or clock leap detected (housekeeper delta=7m29s357ms).
2025-11-13T16:53:47.017-05:00  WARN 88678 --- [task-scheduler] [l-1 housekeeper] com.zaxxer.hikari.pool.HikariPool        : HikariPool-1 - Thread starvation or clock leap detected (housekeeper delta=3m164ms).
2025-11-13T16:54:37.696-05:00  WARN 88678 --- [task-scheduler] [l-1 housekeeper] com.zaxxer.hikari.pool.HikariPool        : HikariPool-1 - Thread starvation or clock leap detected (housekeeper delta=50s679ms).
2025-11-13T17:04:55.289-05:00  WARN 88678 --- [task-scheduler] [l-1 housekeeper] com.zaxxer.hikari.pool.HikariPool        : HikariPool-1 - Thread starvation or clock leap detected (housekeeper delta=10m17s593ms).
2025-11-13T17:07:26.156-05:00  WARN 88678 --- [task-scheduler] [l-1 housekeeper] com.zaxxer.hikari.pool.HikariPool        : HikariPool-1 - Thread starvation or clock leap detected (housekeeper delta=2m30s867ms).
2025-11-13T17:09:50.476-05:00  WARN 88678 --- [task-scheduler] [l-1 housekeeper] com.zaxxer.hikari.pool.HikariPool        : HikariPool-1 - Thread starvation or clock leap detected (housekeeper delta=2m24s320ms).
2025-11-13T17:11:04.688-05:00  WARN 88678 --- [task-scheduler] [l-1 housekeeper] com.zaxxer.hikari.pool.HikariPool        : HikariPool-1 - Thread starvation or clock leap detected (housekeeper delta=1m14s211ms).
2025-11-13T17:12:13.570-05:00  WARN 88678 --- [task-scheduler] [l-1 housekeeper] com.zaxxer.hikari.pool.HikariPool        : HikariPool-1 - Thread starvation or clock leap detected (housekeeper delta=1m8s883ms).
2025-11-13T17:13:01.918-05:00  WARN 88678 --- [task-scheduler] [l-1 housekeeper] com.zaxxer.hikari.pool.HikariPool        : HikariPool-1 - Thread starvation or clock leap detected (housekeeper delta=48s346ms).
2025-11-13T17:31:06.201-05:00  WARN 88678 --- [task-scheduler] [l-1 housekeeper] com.zaxxer.hikari.pool.HikariPool        : HikariPool-1 - Thread starvation or clock leap detected (housekeeper delta=18m4s285ms).
2025-11-13T18:19:47.974-05:00  WARN 88678 --- [task-scheduler] [l-1 housekeeper] com.zaxxer.hikari.pool.HikariPool        : HikariPool-1 - Thread starvation or clock leap detected (housekeeper delta=48m41s772ms).
2025-11-13T18:23:46.649-05:00  WARN 88678 --- [task-scheduler] [l-1 housekeeper] com.zaxxer.hikari.pool.HikariPool        : HikariPool-1 - Thread starvation or clock leap detected (housekeeper delta=3m58s676ms).
2025-11-13T18:36:13.545-05:00  WARN 88678 --- [task-scheduler] [l-1 housekeeper] com.zaxxer.hikari.pool.HikariPool        : HikariPool-1 - Thread starvation or clock leap detected (housekeeper delta=12m26s895ms).
2025-11-13T18:37:31.197-05:00  WARN 88678 --- [task-scheduler] [l-1 housekeeper] com.zaxxer.hikari.pool.HikariPool        : HikariPool-1 - Thread starvation or clock leap detected (housekeeper delta=1m17s653ms).
2025-11-13T18:39:52.688-05:00  WARN 88678 --- [task-scheduler] [l-1 housekeeper] com.zaxxer.hikari.pool.HikariPool        : HikariPool-1 - Thread starvation or clock leap detected (housekeeper delta=2m21s490ms).
2025-11-13T19:41:06.082-05:00  WARN 88678 --- [task-scheduler] [l-1 housekeeper] com.zaxxer.hikari.pool.HikariPool        : HikariPool-1 - Thread starvation or clock leap detected (housekeeper delta=5m12s922ms).
2025-11-13T19:47:11.702-05:00  WARN 88678 --- [task-scheduler] [l-1 housekeeper] com.zaxxer.hikari.pool.HikariPool        : HikariPool-1 - Thread starvation or clock leap detected (housekeeper delta=6m5s622ms).
2025-11-13T19:51:55.317-05:00  WARN 88678 --- [task-scheduler] [l-1 housekeeper] com.zaxxer.hikari.pool.HikariPool        : HikariPool-1 - Thread starvation or clock leap detected (housekeeper delta=4m43s616ms).
2025-11-13T19:53:23.914-05:00  WARN 88678 --- [task-scheduler] [l-1 housekeeper] com.zaxxer.hikari.pool.HikariPool        : HikariPool-1 - Thread starvation or clock leap detected (housekeeper delta=1m28s596ms).
2025-11-13T19:56:39.988-05:00  WARN 88678 --- [task-scheduler] [l-1 housekeeper] com.zaxxer.hikari.pool.HikariPool        : HikariPool-1 - Thread starvation or clock leap detected (housekeeper delta=3m16s75ms).
2025-11-13T19:57:36.795-05:00  WARN 88678 --- [task-scheduler] [l-1 housekeeper] com.zaxxer.hikari.pool.HikariPool        : HikariPool-1 - Thread starvation or clock leap detected (housekeeper delta=56s806ms).
2025-11-13T21:16:04.255-05:00  WARN 88678 --- [task-scheduler] [l-1 housekeeper] com.zaxxer.hikari.pool.HikariPool        : HikariPool-1 - Thread starvation or clock leap detected (housekeeper delta=3m56s874ms).
2025-11-13T21:24:26.513-05:00  WARN 88678 --- [task-scheduler] [l-1 housekeeper] com.zaxxer.hikari.pool.HikariPool        : HikariPool-1 - Thread starvation or clock leap detected (housekeeper delta=8m22s259ms).
2025-11-13T21:29:15.543-05:00  WARN 88678 --- [task-scheduler] [l-1 housekeeper] com.zaxxer.hikari.pool.HikariPool        : HikariPool-1 - Thread starvation or clock leap detected (housekeeper delta=4m49s30ms).
2025-11-13T21:32:27.576-05:00  WARN 88678 --- [task-scheduler] [l-1 housekeeper] com.zaxxer.hikari.pool.HikariPool        : HikariPool-1 - Thread starvation or clock leap detected (housekeeper delta=3m12s32ms).
2025-11-13T21:35:01.766-05:00  WARN 88678 --- [task-scheduler] [l-1 housekeeper] com.zaxxer.hikari.pool.HikariPool        : HikariPool-1 - Thread starvation or clock leap detected (housekeeper delta=2m34s191ms).
2025-11-13T21:42:41.893-05:00  WARN 88678 --- [task-scheduler] [l-1 housekeeper] com.zaxxer.hikari.pool.HikariPool        : HikariPool-1 - Thread starvation or clock leap detected (housekeeper delta=7m40s127ms).
2025-11-13T23:05:15.183-05:00  WARN 88678 --- [task-scheduler] [l-1 housekeeper] com.zaxxer.hikari.pool.HikariPool        : HikariPool-1 - Thread starvation or clock leap detected (housekeeper delta=1h22m33s290ms).
2025-11-13T23:30:04.850-05:00  WARN 88678 --- [task-scheduler] [l-1 housekeeper] com.zaxxer.hikari.pool.HikariPool        : HikariPool-1 - Thread starvation or clock leap detected (housekeeper delta=24m49s667ms).
2025-11-14T00:31:25.461-05:00  WARN 88678 --- [task-scheduler] [l-1 housekeeper] com.zaxxer.hikari.pool.HikariPool        : HikariPool-1 - Thread starvation or clock leap detected (housekeeper delta=1h1m20s610ms).
2025-11-14T01:46:54.348-05:00  WARN 88678 --- [task-scheduler] [l-1 housekeeper] com.zaxxer.hikari.pool.HikariPool        : HikariPool-1 - Thread starvation or clock leap detected (housekeeper delta=1h15m28s888ms).
2025-11-14T02:05:17.785-05:00  WARN 88678 --- [task-scheduler] [l-1 housekeeper] com.zaxxer.hikari.pool.HikariPool        : HikariPool-1 - Thread starvation or clock leap detected (housekeeper delta=18m23s437ms).
2025-11-14T02:33:07.922-05:00  WARN 88678 --- [task-scheduler] [l-1 housekeeper] com.zaxxer.hikari.pool.HikariPool        : HikariPool-1 - Thread starvation or clock leap detected (housekeeper delta=27m50s137ms).
2025-11-14T03:50:52.881-05:00  WARN 88678 --- [task-scheduler] [l-1 housekeeper] com.zaxxer.hikari.pool.HikariPool        : HikariPool-1 - Thread starvation or clock leap detected (housekeeper delta=1h17m44s959ms).
2025-11-14T04:55:30.639-05:00  WARN 88678 --- [task-scheduler] [l-1 housekeeper] com.zaxxer.hikari.pool.HikariPool        : HikariPool-1 - Thread starvation or clock leap detected (housekeeper delta=1h4m37s758ms).
2025-11-14T05:37:34.815-05:00  WARN 88678 --- [task-scheduler] [l-1 housekeeper] com.zaxxer.hikari.pool.HikariPool        : HikariPool-1 - Thread starvation or clock leap detected (housekeeper delta=42m4s175ms).
2025-11-14T06:54:49.336-05:00  WARN 88678 --- [task-scheduler] [l-1 housekeeper] com.zaxxer.hikari.pool.HikariPool        : HikariPool-1 - Thread starvation or clock leap detected (housekeeper delta=1h17m14s522ms).
2025-11-14T07:54:27.467-05:00  WARN 88678 --- [task-scheduler] [l-1 housekeeper] com.zaxxer.hikari.pool.HikariPool        : HikariPool-1 - Thread starvation or clock leap detected (housekeeper delta=59m38s131ms).
2025-11-14T08:48:01.662-05:00  WARN 88678 --- [task-scheduler] [l-1 housekeeper] com.zaxxer.hikari.pool.HikariPool        : HikariPool-1 - Thread starvation or clock leap detected (housekeeper delta=53m34s195ms).
2025-11-14T09:35:06.330-05:00  WARN 88678 --- [task-scheduler] [l-1 housekeeper] com.zaxxer.hikari.pool.HikariPool        : HikariPool-1 - Thread starvation or clock leap detected (housekeeper delta=47m4s667ms).
2025-11-14T09:58:09.682-05:00  WARN 88678 --- [task-scheduler] [l-1 housekeeper] com.zaxxer.hikari.pool.HikariPool        : HikariPool-1 - Thread starvation or clock leap detected (housekeeper delta=23m3s353ms).
2025-11-14T10:24:38.309-05:00  WARN 88678 --- [task-scheduler] [l-1 housekeeper] com.zaxxer.hikari.pool.HikariPool        : HikariPool-1 - Thread starvation or clock leap detected (housekeeper delta=26m28s627ms).
2025-11-14T10:25:52.875-05:00  WARN 88678 --- [task-scheduler] [l-1 housekeeper] com.zaxxer.hikari.pool.HikariPool        : HikariPool-1 - Thread starvation or clock leap detected (housekeeper delta=1m14s544ms).
2025-11-14T10:29:03.053-05:00  WARN 88678 --- [task-scheduler] [l-1 housekeeper] com.zaxxer.hikari.pool.HikariPool        : HikariPool-1 - Thread starvation or clock leap detected (housekeeper delta=3m10s200ms).
2025-11-14T11:05:39.676-05:00  WARN 88678 --- [task-scheduler] [l-1 housekeeper] com.zaxxer.hikari.pool.HikariPool        : HikariPool-1 - Thread starvation or clock leap detected (housekeeper delta=3m6s455ms).
2025-11-14T11:19:38.540-05:00  WARN 88678 --- [task-scheduler] [l-1 housekeeper] com.zaxxer.hikari.pool.HikariPool        : HikariPool-1 - Thread starvation or clock leap detected (housekeeper delta=13m28s675ms).
2025-11-14T11:37:03.753-05:00  WARN 88678 --- [task-scheduler] [l-1 housekeeper] com.zaxxer.hikari.pool.HikariPool        : HikariPool-1 - Thread starvation or clock leap detected (housekeeper delta=16m53s528ms).
2025-11-14T11:48:23.298-05:00  WARN 88678 --- [task-scheduler] [l-1 housekeeper] com.zaxxer.hikari.pool.HikariPool        : HikariPool-1 - Thread starvation or clock leap detected (housekeeper delta=9m48s675ms).
2025-11-14T12:07:53.604-05:00  WARN 88678 --- [task-scheduler] [l-1 housekeeper] com.zaxxer.hikari.pool.HikariPool        : HikariPool-1 - Thread starvation or clock leap detected (housekeeper delta=19m294ms).
2025-11-14T12:12:36.251-05:00  WARN 88678 --- [task-scheduler] [l-1 housekeeper] com.zaxxer.hikari.pool.HikariPool        : HikariPool-1 - Thread starvation or clock leap detected (housekeeper delta=4m42s648ms).
2025-11-14T12:21:31.507-05:00  WARN 88678 --- [task-scheduler] [l-1 housekeeper] com.zaxxer.hikari.pool.HikariPool        : HikariPool-1 - Thread starvation or clock leap detected (housekeeper delta=8m55s256ms).
2025-11-14T12:27:56.453-05:00  WARN 88678 --- [task-scheduler] [l-1 housekeeper] com.zaxxer.hikari.pool.HikariPool        : HikariPool-1 - Thread starvation or clock leap detected (housekeeper delta=6m24s946ms).
2025-11-14T12:29:49.715-05:00  WARN 88678 --- [task-scheduler] [l-1 housekeeper] com.zaxxer.hikari.pool.HikariPool        : HikariPool-1 - Thread starvation or clock leap detected (housekeeper delta=1m53s261ms).
2025-11-14T12:30:43.987-05:00  WARN 88678 --- [task-scheduler] [l-1 housekeeper] com.zaxxer.hikari.pool.HikariPool        : HikariPool-1 - Thread starvation or clock leap detected (housekeeper delta=54s273ms).
2025-11-14T12:33:06.809-05:00  WARN 88678 --- [task-scheduler] [l-1 housekeeper] com.zaxxer.hikari.pool.HikariPool        : HikariPool-1 - Thread starvation or clock leap detected (housekeeper delta=2m22s822ms).
2025-11-14T13:25:28.745-05:00  WARN 88678 --- [task-scheduler] [l-1 housekeeper] com.zaxxer.hikari.pool.HikariPool        : HikariPool-1 - Thread starvation or clock leap detected (housekeeper delta=52m21s936ms).
2025-11-14T13:36:40.181-05:00  WARN 88678 --- [task-scheduler] [l-1 housekeeper] com.zaxxer.hikari.pool.HikariPool        : HikariPool-1 - Thread starvation or clock leap detected (housekeeper delta=11m11s436ms).
2025-11-14T14:30:13.243-05:00  WARN 88678 --- [task-scheduler] [l-1 housekeeper] com.zaxxer.hikari.pool.HikariPool        : HikariPool-1 - Thread starvation or clock leap detected (housekeeper delta=1m2s546ms).
2025-11-14T14:39:36.927-05:00  WARN 88678 --- [task-scheduler] [l-1 housekeeper] com.zaxxer.hikari.pool.HikariPool        : HikariPool-1 - Thread starvation or clock leap detected (housekeeper delta=2m53s617ms).
2025-11-14T14:41:01.006-05:00  WARN 88678 --- [task-scheduler] [l-1 housekeeper] com.zaxxer.hikari.pool.HikariPool        : HikariPool-1 - Thread starvation or clock leap detected (housekeeper delta=1m24s78ms).
2025-11-14T14:42:53.128-05:00  WARN 88678 --- [task-scheduler] [l-1 housekeeper] com.zaxxer.hikari.pool.HikariPool        : HikariPool-1 - Thread starvation or clock leap detected (housekeeper delta=1m52s122ms).
2025-11-14T14:44:03.994-05:00  WARN 88678 --- [task-scheduler] [l-1 housekeeper] com.zaxxer.hikari.pool.HikariPool        : HikariPool-1 - Thread starvation or clock leap detected (housekeeper delta=1m10s866ms).
2025-11-14T14:47:57.497-05:00  WARN 88678 --- [task-scheduler] [l-1 housekeeper] com.zaxxer.hikari.pool.HikariPool        : HikariPool-1 - Thread starvation or clock leap detected (housekeeper delta=3m53s503ms).
2025-11-14T14:50:13.799-05:00  WARN 88678 --- [task-scheduler] [l-1 housekeeper] com.zaxxer.hikari.pool.HikariPool        : HikariPool-1 - Thread starvation or clock leap detected (housekeeper delta=2m16s303ms).
2025-11-14T14:51:21.392-05:00  WARN 88678 --- [task-scheduler] [l-1 housekeeper] com.zaxxer.hikari.pool.HikariPool        : HikariPool-1 - Thread starvation or clock leap detected (housekeeper delta=1m7s593ms).
2025-11-14T15:06:41.333-05:00  WARN 88678 --- [task-scheduler] [l-1 housekeeper] com.zaxxer.hikari.pool.HikariPool        : HikariPool-1 - Thread starvation or clock leap detected (housekeeper delta=15m19s940ms).
2025-11-14T15:08:43.168-05:00  WARN 88678 --- [task-scheduler] [l-1 housekeeper] com.zaxxer.hikari.pool.HikariPool        : HikariPool-1 - Thread starvation or clock leap detected (housekeeper delta=2m1s836ms).
2025-11-14T15:09:35.676-05:00  WARN 88678 --- [task-scheduler] [l-1 housekeeper] com.zaxxer.hikari.pool.HikariPool        : HikariPool-1 - Thread starvation or clock leap detected (housekeeper delta=52s507ms).
2025-11-14T15:10:48.515-05:00  WARN 88678 --- [task-scheduler] [l-1 housekeeper] com.zaxxer.hikari.pool.HikariPool        : HikariPool-1 - Thread starvation or clock leap detected (housekeeper delta=1m12s839ms).
2025-11-14T15:13:06.670-05:00  WARN 88678 --- [task-scheduler] [l-1 housekeeper] com.zaxxer.hikari.pool.HikariPool        : HikariPool-1 - Thread starvation or clock leap detected (housekeeper delta=2m18s156ms).
2025-11-14T15:18:50.669-05:00  WARN 88678 --- [task-scheduler] [l-1 housekeeper] com.zaxxer.hikari.pool.HikariPool        : HikariPool-1 - Thread starvation or clock leap detected (housekeeper delta=5m43s998ms).
2025-11-14T15:20:19.106-05:00  WARN 88678 --- [task-scheduler] [l-1 housekeeper] com.zaxxer.hikari.pool.HikariPool        : HikariPool-1 - Thread starvation or clock leap detected (housekeeper delta=1m28s437ms).
2025-11-14T15:27:37.113-05:00  WARN 88678 --- [task-scheduler] [l-1 housekeeper] com.zaxxer.hikari.pool.HikariPool        : HikariPool-1 - Thread starvation or clock leap detected (housekeeper delta=7m18s8ms).
2025-11-14T15:30:13.492-05:00  WARN 88678 --- [task-scheduler] [l-1 housekeeper] com.zaxxer.hikari.pool.HikariPool        : HikariPool-1 - Thread starvation or clock leap detected (housekeeper delta=2m36s379ms).
2025-11-14T15:37:04.943-05:00  WARN 88678 --- [task-scheduler] [l-1 housekeeper] com.zaxxer.hikari.pool.HikariPool        : HikariPool-1 - Thread starvation or clock leap detected (housekeeper delta=6m51s451ms).
2025-11-14T16:11:01.923-05:00  WARN 88678 --- [task-scheduler] [l-1 housekeeper] com.zaxxer.hikari.pool.HikariPool        : HikariPool-1 - Thread starvation or clock leap detected (housekeeper delta=33m56s979ms).
2025-11-14T16:26:37.463-05:00  WARN 88678 --- [task-scheduler] [l-1 housekeeper] com.zaxxer.hikari.pool.HikariPool        : HikariPool-1 - Thread starvation or clock leap detected (housekeeper delta=15m35s541ms).
2025-11-14T16:36:43.916-05:00  INFO 88678 --- [task-scheduler] [ionShutdownHook] j.LocalContainerEntityManagerFactoryBean : Closing JPA EntityManagerFactory for persistence unit 'default'
2025-11-14T16:36:43.961-05:00  INFO 88678 --- [task-scheduler] [ionShutdownHook] com.zaxxer.hikari.HikariDataSource       : HikariPool-1 - Shutdown initiated...
2025-11-14T16:36:43.979-05:00  INFO 88678 --- [task-scheduler] [ionShutdownHook] com.zaxxer.hikari.HikariDataSource       : HikariPool-1 - Shutdown completed.
